<?xml version="1.0" encoding="UTF-8"?>
<testsuite name="hello.CustomerRepositoryTests" tests="1" skipped="0" failures="0" errors="0" timestamp="2018-03-29T05:10:48" hostname="macbook1.local" time="0.132">
  <properties/>
  <testcase name="testFindByLastName" classname="hello.CustomerRepositoryTests" time="0.132"/>
  <system-out><![CDATA[22:10:44.772 [Test worker] DEBUG org.springframework.test.context.junit4.SpringJUnit4ClassRunner - SpringJUnit4ClassRunner constructor called with [class hello.CustomerRepositoryTests]
22:10:44.779 [Test worker] DEBUG org.springframework.test.context.BootstrapUtils - Instantiating CacheAwareContextLoaderDelegate from class [org.springframework.test.context.cache.DefaultCacheAwareContextLoaderDelegate]
22:10:44.790 [Test worker] DEBUG org.springframework.test.context.BootstrapUtils - Instantiating BootstrapContext using constructor [public org.springframework.test.context.support.DefaultBootstrapContext(java.lang.Class,org.springframework.test.context.CacheAwareContextLoaderDelegate)]
22:10:44.813 [Test worker] DEBUG org.springframework.test.context.BootstrapUtils - Instantiating TestContextBootstrapper for test class [hello.CustomerRepositoryTests] from class [org.springframework.boot.test.context.SpringBootTestContextBootstrapper]
22:10:44.831 [Test worker] INFO org.springframework.boot.test.context.SpringBootTestContextBootstrapper - Neither @ContextConfiguration nor @ContextHierarchy found for test class [hello.CustomerRepositoryTests], using SpringBootContextLoader
22:10:44.835 [Test worker] DEBUG org.springframework.test.context.support.AbstractContextLoader - Did not detect default resource location for test class [hello.CustomerRepositoryTests]: class path resource [hello/CustomerRepositoryTests-context.xml] does not exist
22:10:44.836 [Test worker] DEBUG org.springframework.test.context.support.AbstractContextLoader - Did not detect default resource location for test class [hello.CustomerRepositoryTests]: class path resource [hello/CustomerRepositoryTestsContext.groovy] does not exist
22:10:44.836 [Test worker] INFO org.springframework.test.context.support.AbstractContextLoader - Could not detect default resource locations for test class [hello.CustomerRepositoryTests]: no resource found for suffixes {-context.xml, Context.groovy}.
22:10:44.837 [Test worker] INFO org.springframework.test.context.support.AnnotationConfigContextLoaderUtils - Could not detect default configuration classes for test class [hello.CustomerRepositoryTests]: CustomerRepositoryTests does not declare any static, non-private, non-final, nested classes annotated with @Configuration.
22:10:44.890 [Test worker] DEBUG org.springframework.test.context.support.ActiveProfilesUtils - Could not find an 'annotation declaring class' for annotation type [org.springframework.test.context.ActiveProfiles] and class [hello.CustomerRepositoryTests]
22:10:44.896 [Test worker] DEBUG org.springframework.core.env.StandardEnvironment - Adding PropertySource 'systemProperties' with lowest search precedence
22:10:44.897 [Test worker] DEBUG org.springframework.core.env.StandardEnvironment - Adding PropertySource 'systemEnvironment' with lowest search precedence
22:10:44.897 [Test worker] DEBUG org.springframework.core.env.StandardEnvironment - Initialized StandardEnvironment with PropertySources [MapPropertySource@2046482219 {name='systemProperties', properties={java.runtime.name=Java(TM) SE Runtime Environment, sun.boot.library.path=/Library/Java/JavaVirtualMachines/jdk1.8.0_60.jdk/Contents/Home/jre/lib, java.vm.version=25.60-b23, gopherProxySet=false, java.vm.vendor=Oracle Corporation, java.vendor.url=http://java.oracle.com/, path.separator=:, java.vm.name=Java HotSpot(TM) 64-Bit Server VM, file.encoding.pkg=sun.io, sun.java.launcher=SUN_STANDARD, user.country=US, sun.os.patch.level=unknown, java.vm.specification.name=Java Virtual Machine Specification, user.dir=/Users/Potplus/Dropbox/damianX/complete, java.runtime.version=1.8.0_60-b27, java.awt.graphicsenv=sun.awt.CGraphicsEnvironment, java.endorsed.dirs=/Library/Java/JavaVirtualMachines/jdk1.8.0_60.jdk/Contents/Home/jre/lib/endorsed, os.arch=x86_64, java.io.tmpdir=/var/folders/x1/7s1qg6c5035gg79vf5f_cgl80000gn/T/, line.separator=
, java.vm.specification.vendor=Oracle Corporation, user.variant=, os.name=Mac OS X, sun.jnu.encoding=UTF-8, java.library.path=/Users/Potplus/Library/Java/Extensions:/Library/Java/Extensions:/Network/Library/Java/Extensions:/System/Library/Java/Extensions:/usr/lib/java:., java.specification.name=Java Platform API Specification, java.class.version=52.0, org.gradle.native=false, sun.management.compiler=HotSpot 64-Bit Tiered Compilers, os.version=10.13, http.nonProxyHosts=127.0.0.1, user.home=/Users/Potplus, user.timezone=America/Los_Angeles, java.awt.printerjob=sun.lwawt.macosx.CPrinterJob, file.encoding=UTF-8, java.specification.version=1.8, java.class.path=/Users/Potplus/Dropbox/damianX/complete/build/classes/java/test:/Users/Potplus/Dropbox/damianX/complete/build/resources/test:/Users/Potplus/Dropbox/damianX/complete/build/classes/java/main:/Users/Potplus/Dropbox/damianX/complete/build/resources/main:/Users/Potplus/.gradle/caches/modules-2/files-2.1/org.springframework.boot/spring-boot-starter-web/2.0.0.RELEASE/fcb2a9e18f98382e626935841f85ed44d7153615/spring-boot-starter-web-2.0.0.RELEASE.jar:/Users/Potplus/.gradle/caches/modules-2/files-2.1/org.springframework.boot/spring-boot-starter-data-jpa/2.0.0.RELEASE/cc7bc2df046149870255d22367f8f7276eb82e98/spring-boot-starter-data-jpa-2.0.0.RELEASE.jar:/Users/Potplus/.gradle/caches/modules-2/files-2.1/com.h2database/h2/1.4.196/dd0034398d593aa3588c6773faac429bbd9aea0e/h2-1.4.196.jar:/Users/Potplus/.gradle/caches/modules-2/files-2.1/mysql/mysql-connector-java/5.1.45/ee64ec436a87c35362176ea300d69c912d1cbeac/mysql-connector-java-5.1.45.jar:/Users/Potplus/.gradle/caches/modules-2/files-2.1/org.springframework.boot/spring-boot-starter-test/2.0.0.RELEASE/4ff0e1d9bd315a4a5867e9c6128691cac8b37348/spring-boot-starter-test-2.0.0.RELEASE.jar:/Users/Potplus/.gradle/caches/modules-2/files-2.1/org.springframework.boot/spring-boot-starter-json/2.0.0.RELEASE/5a09c939d8bd60d7f163c1c0c20a3127ba9fffa/spring-boot-starter-json-2.0.0.RELEASE.jar:/Users/Potplus/.gradle/caches/modules-2/files-2.1/org.springframework.boot/spring-boot-starter-aop/2.0.0.RELEASE/9afd572ca8de272e6d919d914db5c73cd7d06ea2/spring-boot-starter-aop-2.0.0.RELEASE.jar:/Users/Potplus/.gradle/caches/modules-2/files-2.1/org.springframework.boot/spring-boot-starter-jdbc/2.0.0.RELEASE/bfe586f729ed86a421a79ac1b18d4e05acd25d68/spring-boot-starter-jdbc-2.0.0.RELEASE.jar:/Users/Potplus/.gradle/caches/modules-2/files-2.1/org.springframework.boot/spring-boot-starter/2.0.0.RELEASE/6d7d8e4bf053cd1833f3c7dbce676bc274f0892f/spring-boot-starter-2.0.0.RELEASE.jar:/Users/Potplus/.gradle/caches/modules-2/files-2.1/org.springframework.boot/spring-boot-starter-tomcat/2.0.0.RELEASE/908bc9de1a7cfa857edf44182d426f6e0d8a3008/spring-boot-starter-tomcat-2.0.0.RELEASE.jar:/Users/Potplus/.gradle/caches/modules-2/files-2.1/org.hibernate.validator/hibernate-validator/6.0.7.Final/8b9d9c7ec8c73963ea0fe81912fc67711a4ef76/hibernate-validator-6.0.7.Final.jar:/Users/Potplus/.gradle/caches/modules-2/files-2.1/org.springframework/spring-webmvc/5.0.4.RELEASE/addcf1caa22613c474bd6dde8c7134fef940b1f0/spring-webmvc-5.0.4.RELEASE.jar:/Users/Potplus/.gradle/caches/modules-2/files-2.1/org.springframework/spring-web/5.0.4.RELEASE/9565bbc67bf1a850a6505deaa5103931712a7b80/spring-web-5.0.4.RELEASE.jar:/Users/Potplus/.gradle/caches/modules-2/files-2.1/org.hibernate/hibernate-core/5.2.14.Final/2132ad4a9fa5088156469ec85306afe574bb8c24/hibernate-core-5.2.14.Final.jar:/Users/Potplus/.gradle/caches/modules-2/files-2.1/javax.transaction/javax.transaction-api/1.2/d81aff979d603edd90dcd8db2abc1f4ce6479e3e/javax.transaction-api-1.2.jar:/Users/Potplus/.gradle/caches/modules-2/files-2.1/org.springframework.data/spring-data-jpa/2.0.5.RELEASE/51b2e315174e32b4c8a4841a147002555add076c/spring-data-jpa-2.0.5.RELEASE.jar:/Users/Potplus/.gradle/caches/modules-2/files-2.1/org.springframework/spring-aspects/5.0.4.RELEASE/454ee13fc4f439065572dd526e81c699d1d61e3e/spring-aspects-5.0.4.RELEASE.jar:/Users/Potplus/.gradle/caches/modules-2/files-2.1/org.springframework.boot/spring-boot-test-autoconfigure/2.0.0.RELEASE/db0595321e96929d9473cf061f3408972d03c6aa/spring-boot-test-autoconfigure-2.0.0.RELEASE.jar:/Users/Potplus/.gradle/caches/modules-2/files-2.1/org.springframework.boot/spring-boot-test/2.0.0.RELEASE/1565e78c2801bd3c7ece0a8ddc08e5ed53676878/spring-boot-test-2.0.0.RELEASE.jar:/Users/Potplus/.gradle/caches/modules-2/files-2.1/com.jayway.jsonpath/json-path/2.4.0/765a4401ceb2dc8d40553c2075eb80a8fa35c2ae/json-path-2.4.0.jar:/Users/Potplus/.gradle/caches/modules-2/files-2.1/junit/junit/4.12/2973d150c0dc1fefe998f834810d68f278ea58ec/junit-4.12.jar:/Users/Potplus/.gradle/caches/modules-2/files-2.1/org.assertj/assertj-core/3.9.1/c5ce126b15f28d56cd8f960c1a6a058b9c9aea87/assertj-core-3.9.1.jar:/Users/Potplus/.gradle/caches/modules-2/files-2.1/org.mockito/mockito-core/2.15.0/b84bfbbc29cd22c9529409627af6ea2897f4fa85/mockito-core-2.15.0.jar:/Users/Potplus/.gradle/caches/modules-2/files-2.1/org.hamcrest/hamcrest-library/1.3/4785a3c21320980282f9f33d0d1264a69040538f/hamcrest-library-1.3.jar:/Users/Potplus/.gradle/caches/modules-2/files-2.1/org.hamcrest/hamcrest-core/1.3/42a25dc3219429f0e5d060061f71acb49bf010a0/hamcrest-core-1.3.jar:/Users/Potplus/.gradle/caches/modules-2/files-2.1/org.skyscreamer/jsonassert/1.5.0/6c9d5fe2f59da598d9aefc1cfc6528ff3cf32df3/jsonassert-1.5.0.jar:/Users/Potplus/.gradle/caches/modules-2/files-2.1/org.springframework/spring-test/5.0.4.RELEASE/3fc10b6535a113593fa8780951465012a7677e21/spring-test-5.0.4.RELEASE.jar:/Users/Potplus/.gradle/caches/modules-2/files-2.1/org.springframework.boot/spring-boot-autoconfigure/2.0.0.RELEASE/c89896a469ecf92996ecba40755919896ace5470/spring-boot-autoconfigure-2.0.0.RELEASE.jar:/Users/Potplus/.gradle/caches/modules-2/files-2.1/org.springframework.boot/spring-boot/2.0.0.RELEASE/771da2071ff14a47f108642a641c204ae4ef7b15/spring-boot-2.0.0.RELEASE.jar:/Users/Potplus/.gradle/caches/modules-2/files-2.1/org.springframework/spring-context/5.0.4.RELEASE/3e76d08c851113077642c5704f0f94d5ce58e905/spring-context-5.0.4.RELEASE.jar:/Users/Potplus/.gradle/caches/modules-2/files-2.1/org.springframework/spring-expression/5.0.4.RELEASE/4bda161f2e34c1486f2527a23eb47293567f473c/spring-expression-5.0.4.RELEASE.jar:/Users/Potplus/.gradle/caches/modules-2/files-2.1/org.springframework/spring-orm/5.0.4.RELEASE/dc83e08ecdb4ab28339f87358b53d75b4a8d1b9/spring-orm-5.0.4.RELEASE.jar:/Users/Potplus/.gradle/caches/modules-2/files-2.1/org.springframework/spring-jdbc/5.0.4.RELEASE/6b5ac0db11d81d6319ebd0bb253b2f01713df3ab/spring-jdbc-5.0.4.RELEASE.jar:/Users/Potplus/.gradle/caches/modules-2/files-2.1/org.springframework.data/spring-data-commons/2.0.5.RELEASE/f5357c650f63f3a187d3d4086a9e9132f33851a6/spring-data-commons-2.0.5.RELEASE.jar:/Users/Potplus/.gradle/caches/modules-2/files-2.1/org.springframework/spring-tx/5.0.4.RELEASE/7afc193c5d2b812ee6d2ccaf6fcc81fb83bfb4a7/spring-tx-5.0.4.RELEASE.jar:/Users/Potplus/.gradle/caches/modules-2/files-2.1/org.springframework/spring-aop/5.0.4.RELEASE/f8e029e54c0267dadb6b9f713f3feb54ec4f3a0e/spring-aop-5.0.4.RELEASE.jar:/Users/Potplus/.gradle/caches/modules-2/files-2.1/org.springframework/spring-beans/5.0.4.RELEASE/7a8c3d48d4c33621e64d1399721d8e067450fcbd/spring-beans-5.0.4.RELEASE.jar:/Users/Potplus/.gradle/caches/modules-2/files-2.1/org.springframework/spring-core/5.0.4.RELEASE/2221a957b5561a34f044350ba4e30ef5870254a3/spring-core-5.0.4.RELEASE.jar:/Users/Potplus/.gradle/caches/modules-2/files-2.1/org.xmlunit/xmlunit-core/2.5.1/4ffdb346572a7356f7521cd3119ce5287d2e339d/xmlunit-core-2.5.1.jar:/Users/Potplus/.gradle/caches/modules-2/files-2.1/org.springframework.boot/spring-boot-starter-logging/2.0.0.RELEASE/fe939b71659ef1f98a53cce0b5bcf771685cf6a6/spring-boot-starter-logging-2.0.0.RELEASE.jar:/Users/Potplus/.gradle/caches/modules-2/files-2.1/javax.annotation/javax.annotation-api/1.3.2/934c04d3cfef185a8008e7bf34331b79730a9d43/javax.annotation-api-1.3.2.jar:/Users/Potplus/.gradle/caches/modules-2/files-2.1/org.yaml/snakeyaml/1.19/2d998d3d674b172a588e54ab619854d073f555b5/snakeyaml-1.19.jar:/Users/Potplus/.gradle/caches/modules-2/files-2.1/com.fasterxml.jackson.datatype/jackson-datatype-jdk8/2.9.4/63ac052d52a70a15820d3dc07ea757826fd51d40/jackson-datatype-jdk8-2.9.4.jar:/Users/Potplus/.gradle/caches/modules-2/files-2.1/com.fasterxml.jackson.datatype/jackson-datatype-jsr310/2.9.4/12d52679a6615c7972ea25bd8ebb60b191fe79b7/jackson-datatype-jsr310-2.9.4.jar:/Users/Potplus/.gradle/caches/modules-2/files-2.1/com.fasterxml.jackson.module/jackson-module-parameter-names/2.9.4/5833c819877c3e85bad847f4d2fa4e70379217c6/jackson-module-parameter-names-2.9.4.jar:/Users/Potplus/.gradle/caches/modules-2/files-2.1/com.fasterxml.jackson.core/jackson-databind/2.9.4/498bbc3b94f566982c7f7c6d4d303fce365529be/jackson-databind-2.9.4.jar:/Users/Potplus/.gradle/caches/modules-2/files-2.1/org.apache.tomcat.embed/tomcat-embed-websocket/8.5.28/8a5a48740dd80cad644ceb541e77fd8e0809e3b7/tomcat-embed-websocket-8.5.28.jar:/Users/Potplus/.gradle/caches/modules-2/files-2.1/org.apache.tomcat.embed/tomcat-embed-core/8.5.28/b684c98cf77c6528079c4e59fc1feeb218bf82f1/tomcat-embed-core-8.5.28.jar:/Users/Potplus/.gradle/caches/modules-2/files-2.1/org.apache.tomcat.embed/tomcat-embed-el/8.5.28/75745598f60646ccf0c4b105468a9c8be9b8432e/tomcat-embed-el-8.5.28.jar:/Users/Potplus/.gradle/caches/modules-2/files-2.1/javax.validation/validation-api/2.0.1.Final/cb855558e6271b1b32e716d24cb85c7f583ce09e/validation-api-2.0.1.Final.jar:/Users/Potplus/.gradle/caches/modules-2/files-2.1/org.hibernate.common/hibernate-commons-annotations/5.0.1.Final/71e1cff3fcb20d3b3af4f3363c3ddb24d33c6879/hibernate-commons-annotations-5.0.1.Final.jar:/Users/Potplus/.gradle/caches/modules-2/files-2.1/org.jboss.logging/jboss-logging/3.3.2.Final/3789d00e859632e6c6206adc0c71625559e6e3b0/jboss-logging-3.3.2.Final.jar:/Users/Potplus/.gradle/caches/modules-2/files-2.1/com.fasterxml/classmate/1.3.4/3d5f48f10bbe4eb7bd862f10c0583be2e0053c6/classmate-1.3.4.jar:/Users/Potplus/.gradle/caches/modules-2/files-2.1/org.aspectj/aspectjweaver/1.8.13/ad94df2a28d658a40dc27bbaff6a1ce5fbf04e9b/aspectjweaver-1.8.13.jar:/Users/Potplus/.gradle/caches/modules-2/files-2.1/com.zaxxer/HikariCP/2.7.8/4a3a604fa2efa89621aa498d04e000b2bed90c39/HikariCP-2.7.8.jar:/Users/Potplus/.gradle/caches/modules-2/files-2.1/org.hibernate.javax.persistence/hibernate-jpa-2.1-api/1.0.0.Final/5e731d961297e5a07290bfaf3db1fbc8bbbf405a/hibernate-jpa-2.1-api-1.0.0.Final.jar:/Users/Potplus/.gradle/caches/modules-2/files-2.1/org.javassist/javassist/3.22.0-GA/3e83394258ae2089be7219b971ec21a8288528ad/javassist-3.22.0-GA.jar:/Users/Potplus/.gradle/caches/modules-2/files-2.1/antlr/antlr/2.7.7/83cd2cd674a217ade95a4bb83a8a14f351f48bd0/antlr-2.7.7.jar:/Users/Potplus/.gradle/caches/modules-2/files-2.1/org.jboss/jandex/2.0.3.Final/bfc4d6257dbff7a33a357f0de116be6ff951d849/jandex-2.0.3.Final.jar:/Users/Potplus/.gradle/caches/modules-2/files-2.1/dom4j/dom4j/1.6.1/5d3ccc056b6f056dbf0dddfdf43894b9065a8f94/dom4j-1.6.1.jar:/Users/Potplus/.gradle/caches/modules-2/files-2.1/ch.qos.logback/logback-classic/1.2.3/7c4f3c474fb2c041d8028740440937705ebb473a/logback-classic-1.2.3.jar:/Users/Potplus/.gradle/caches/modules-2/files-2.1/org.apache.logging.log4j/log4j-to-slf4j/2.10.0/f7e631ccf49cfc0aefa4a2a728da7d374c05bd3c/log4j-to-slf4j-2.10.0.jar:/Users/Potplus/.gradle/caches/modules-2/files-2.1/org.slf4j/jul-to-slf4j/1.7.25/af5364cd6679bfffb114f0dec8a157aaa283b76/jul-to-slf4j-1.7.25.jar:/Users/Potplus/.gradle/caches/modules-2/files-2.1/org.slf4j/slf4j-api/1.7.25/da76ca59f6a57ee3102f8f9bd9cee742973efa8a/slf4j-api-1.7.25.jar:/Users/Potplus/.gradle/caches/modules-2/files-2.1/net.minidev/json-smart/2.3/7396407491352ce4fa30de92efb158adb76b5b/json-smart-2.3.jar:/Users/Potplus/.gradle/caches/modules-2/files-2.1/net.bytebuddy/byte-buddy/1.7.10/3c8ec287c0a5bd04b1e3f11723bc46a50346602b/byte-buddy-1.7.10.jar:/Users/Potplus/.gradle/caches/modules-2/files-2.1/net.bytebuddy/byte-buddy-agent/1.7.10/9b092a8fb9112b89f6cb23fc929cfb931b14007b/byte-buddy-agent-1.7.10.jar:/Users/Potplus/.gradle/caches/modules-2/files-2.1/org.objenesis/objenesis/2.6/639033469776fd37c08358c6b92a4761feb2af4b/objenesis-2.6.jar:/Users/Potplus/.gradle/caches/modules-2/files-2.1/com.vaadin.external.google/android-json/0.0.20131108.vaadin1/fa26d351fe62a6a17f5cda1287c1c6110dec413f/android-json-0.0.20131108.vaadin1.jar:/Users/Potplus/.gradle/caches/modules-2/files-2.1/org.springframework/spring-jcl/5.0.4.RELEASE/3053e2bad0a18571bdbb9596ce51f9d458f5934f/spring-jcl-5.0.4.RELEASE.jar:/Users/Potplus/.gradle/caches/modules-2/files-2.1/com.fasterxml.jackson.core/jackson-annotations/2.9.0/7c10d545325e3a6e72e06381afe469fd40eb701/jackson-annotations-2.9.0.jar:/Users/Potplus/.gradle/caches/modules-2/files-2.1/com.fasterxml.jackson.core/jackson-core/2.9.4/a9a71ec1aa37da47db168fede9a4a5fb5e374320/jackson-core-2.9.4.jar:/Users/Potplus/.gradle/caches/modules-2/files-2.1/net.minidev/accessors-smart/1.2/c592b500269bfde36096641b01238a8350f8aa31/accessors-smart-1.2.jar:/Users/Potplus/.gradle/caches/modules-2/files-2.1/ch.qos.logback/logback-core/1.2.3/864344400c3d4d92dfeb0a305dc87d953677c03c/logback-core-1.2.3.jar:/Users/Potplus/.gradle/caches/modules-2/files-2.1/org.apache.logging.log4j/log4j-api/2.10.0/fec5797a55b786184a537abd39c3fa1449d752d6/log4j-api-2.10.0.jar:/Users/Potplus/.gradle/caches/modules-2/files-2.1/org.ow2.asm/asm/5.0.4/da08b8cce7bbf903602a25a3a163ae252435795/asm-5.0.4.jar, user.name=Potplus, java.vm.specification.version=1.8, sun.java.command=worker.org.gradle.process.internal.worker.GradleWorkerMain 'Gradle Test Executor 1', java.home=/Library/Java/JavaVirtualMachines/jdk1.8.0_60.jdk/Contents/Home/jre, sun.arch.data.model=64, user.language=en, java.specification.vendor=Oracle Corporation, awt.toolkit=sun.lwawt.macosx.LWCToolkit, java.vm.info=mixed mode, java.version=1.8.0_60, java.ext.dirs=/Users/Potplus/Library/Java/Extensions:/Library/Java/JavaVirtualMachines/jdk1.8.0_60.jdk/Contents/Home/jre/lib/ext:/Library/Java/Extensions:/Network/Library/Java/Extensions:/System/Library/Java/Extensions:/usr/lib/java, sun.boot.class.path=/Library/Java/JavaVirtualMachines/jdk1.8.0_60.jdk/Contents/Home/jre/lib/resources.jar:/Library/Java/JavaVirtualMachines/jdk1.8.0_60.jdk/Contents/Home/jre/lib/rt.jar:/Library/Java/JavaVirtualMachines/jdk1.8.0_60.jdk/Contents/Home/jre/lib/sunrsasign.jar:/Library/Java/JavaVirtualMachines/jdk1.8.0_60.jdk/Contents/Home/jre/lib/jsse.jar:/Library/Java/JavaVirtualMachines/jdk1.8.0_60.jdk/Contents/Home/jre/lib/jce.jar:/Library/Java/JavaVirtualMachines/jdk1.8.0_60.jdk/Contents/Home/jre/lib/charsets.jar:/Library/Java/JavaVirtualMachines/jdk1.8.0_60.jdk/Contents/Home/jre/lib/jfr.jar:/Library/Java/JavaVirtualMachines/jdk1.8.0_60.jdk/Contents/Home/jre/classes, java.vendor=Oracle Corporation, org.gradle.test.worker=1, file.separator=/, java.vendor.url.bug=http://bugreport.sun.com/bugreport/, sun.io.unicode.encoding=UnicodeBig, sun.cpu.endian=little, socksNonProxyHosts=127.0.0.1, ftp.nonProxyHosts=127.0.0.1, sun.cpu.isalist=}}, SystemEnvironmentPropertySource@168136621 {name='systemEnvironment', properties={PATH=/Library/Frameworks/Python.framework/Versions/2.7/bin:/usr/local/bin:/usr/bin:/bin:/usr/sbin:/sbin:/Library/TeX/texbin:/opt/X11/bin:/Library/Frameworks/Mono.framework/Versions/Current/Commands:/Applications/Wireshark.app/Contents/MacOS:/usr/local/git/bin, JAVA_ARCH=x86_64, TERM=xterm-256color, JAVA_MAIN_CLASS_3081=worker.org.gradle.process.internal.worker.GradleWorkerMain, LANG=en_US.UTF-8, DISPLAY=/private/tmp/com.apple.launchd.nxXLI7n8rI/org.macosforge.xquartz:0, ITERM_SESSION_ID=w0t0p1:D8FBEA59-E603-4C33-BDF1-3950B2755901, LOGNAME=Potplus, TERM_PROGRAM_VERSION=3.0.9, PWD=/Users/Potplus/Dropbox/damianX/complete, XPC_SERVICE_NAME=0, JAVA_MAIN_CLASS_3074=org.gradle.wrapper.GradleWrapperMain, SHELL=/bin/bash, TERM_PROGRAM=iTerm.app, APP_NAME_3074=Gradle, OLDPWD=/Users/Potplus/Dropbox/damianX/complete, USER=Potplus, APP_ICON_3074=/Users/Potplus/Dropbox/damianX/complete/media/gradle.icns, ITERM_PROFILE=Default, TMPDIR=/var/folders/x1/7s1qg6c5035gg79vf5f_cgl80000gn/T/, SSH_AUTH_SOCK=/private/tmp/com.apple.launchd.MZKvSAxySV/Listeners, XPC_FLAGS=0x0, TERM_SESSION_ID=w0t0p1:D8FBEA59-E603-4C33-BDF1-3950B2755901, __CF_USER_TEXT_ENCODING=0x1F5:0x0:0x0, Apple_PubSub_Socket_Render=/private/tmp/com.apple.launchd.BN5qtV8M7g/Render, com.apple.java.jvmTask=CommandLine, COLORFGBG=0;15, SHLVL=1, HOME=/Users/Potplus}}]
22:10:44.911 [Test worker] DEBUG org.springframework.core.io.support.PathMatchingResourcePatternResolver - Resolved classpath location [hello/] to resources [URL [file:/Users/Potplus/Dropbox/damianX/complete/build/classes/java/test/hello/], URL [file:/Users/Potplus/Dropbox/damianX/complete/build/classes/java/main/hello/]]
22:10:44.911 [Test worker] DEBUG org.springframework.core.io.support.PathMatchingResourcePatternResolver - Looking for matching resources in directory tree [/Users/Potplus/Dropbox/damianX/complete/build/classes/java/test/hello]
22:10:44.911 [Test worker] DEBUG org.springframework.core.io.support.PathMatchingResourcePatternResolver - Searching directory [/Users/Potplus/Dropbox/damianX/complete/build/classes/java/test/hello] for files matching pattern [/Users/Potplus/Dropbox/damianX/complete/build/classes/java/test/hello/*.class]
22:10:44.914 [Test worker] DEBUG org.springframework.core.io.support.PathMatchingResourcePatternResolver - Looking for matching resources in directory tree [/Users/Potplus/Dropbox/damianX/complete/build/classes/java/main/hello]
22:10:44.914 [Test worker] DEBUG org.springframework.core.io.support.PathMatchingResourcePatternResolver - Searching directory [/Users/Potplus/Dropbox/damianX/complete/build/classes/java/main/hello] for files matching pattern [/Users/Potplus/Dropbox/damianX/complete/build/classes/java/main/hello/*.class]
22:10:44.915 [Test worker] DEBUG org.springframework.core.io.support.PathMatchingResourcePatternResolver - Resolved location pattern [classpath*:hello/*.class] to resources [file [/Users/Potplus/Dropbox/damianX/complete/build/classes/java/test/hello/CustomerRepositoryTests.class], file [/Users/Potplus/Dropbox/damianX/complete/build/classes/java/main/hello/Application.class], file [/Users/Potplus/Dropbox/damianX/complete/build/classes/java/main/hello/Customer.class], file [/Users/Potplus/Dropbox/damianX/complete/build/classes/java/main/hello/CustomerController.class], file [/Users/Potplus/Dropbox/damianX/complete/build/classes/java/main/hello/CustomerRepository.class], file [/Users/Potplus/Dropbox/damianX/complete/build/classes/java/main/hello/User.class], file [/Users/Potplus/Dropbox/damianX/complete/build/classes/java/main/hello/UserRepository.class]]
22:10:44.956 [Test worker] DEBUG org.springframework.context.annotation.ClassPathScanningCandidateComponentProvider - Identified candidate component class: file [/Users/Potplus/Dropbox/damianX/complete/build/classes/java/main/hello/Application.class]
22:10:44.968 [Test worker] INFO org.springframework.boot.test.context.SpringBootTestContextBootstrapper - Found @SpringBootConfiguration hello.Application for test class hello.CustomerRepositoryTests
22:10:44.971 [Test worker] DEBUG org.springframework.boot.test.context.SpringBootTestContextBootstrapper - @TestExecutionListeners is not present for class [hello.CustomerRepositoryTests]: using defaults.
22:10:44.972 [Test worker] INFO org.springframework.boot.test.context.SpringBootTestContextBootstrapper - Loaded default TestExecutionListener class names from location [META-INF/spring.factories]: [org.springframework.boot.test.autoconfigure.restdocs.RestDocsTestExecutionListener, org.springframework.boot.test.autoconfigure.web.client.MockRestServiceServerResetTestExecutionListener, org.springframework.boot.test.autoconfigure.web.servlet.MockMvcPrintOnlyOnFailureTestExecutionListener, org.springframework.boot.test.autoconfigure.web.servlet.WebDriverTestExecutionListener, org.springframework.boot.test.mock.mockito.MockitoTestExecutionListener, org.springframework.boot.test.mock.mockito.ResetMocksTestExecutionListener, org.springframework.test.context.web.ServletTestExecutionListener, org.springframework.test.context.support.DirtiesContextBeforeModesTestExecutionListener, org.springframework.test.context.support.DependencyInjectionTestExecutionListener, org.springframework.test.context.support.DirtiesContextTestExecutionListener, org.springframework.test.context.transaction.TransactionalTestExecutionListener, org.springframework.test.context.jdbc.SqlScriptsTestExecutionListener]
22:10:44.989 [Test worker] INFO org.springframework.boot.test.context.SpringBootTestContextBootstrapper - Using TestExecutionListeners: [org.springframework.test.context.web.ServletTestExecutionListener@51f620bc, org.springframework.test.context.support.DirtiesContextBeforeModesTestExecutionListener@1ff46684, org.springframework.boot.test.mock.mockito.MockitoTestExecutionListener@2bc4bebe, org.springframework.boot.test.autoconfigure.SpringBootDependencyInjectionTestExecutionListener@5796f9bc, org.springframework.test.context.support.DirtiesContextTestExecutionListener@3705d032, org.springframework.test.context.transaction.TransactionalTestExecutionListener@b794010, org.springframework.test.context.jdbc.SqlScriptsTestExecutionListener@5463e8f, org.springframework.boot.test.autoconfigure.restdocs.RestDocsTestExecutionListener@657d7c82, org.springframework.boot.test.autoconfigure.web.client.MockRestServiceServerResetTestExecutionListener@7c60b45f, org.springframework.boot.test.autoconfigure.web.servlet.MockMvcPrintOnlyOnFailureTestExecutionListener@3dd81203, org.springframework.boot.test.autoconfigure.web.servlet.WebDriverTestExecutionListener@95ee171, org.springframework.boot.test.mock.mockito.ResetMocksTestExecutionListener@74915b4]
22:10:44.992 [Test worker] DEBUG org.springframework.test.annotation.ProfileValueUtils - Retrieved @ProfileValueSourceConfiguration [null] for test class [hello.CustomerRepositoryTests]
22:10:44.993 [Test worker] DEBUG org.springframework.test.annotation.ProfileValueUtils - Retrieved ProfileValueSource type [class org.springframework.test.annotation.SystemProfileValueSource] for class [hello.CustomerRepositoryTests]
22:10:44.994 [Test worker] DEBUG org.springframework.test.annotation.ProfileValueUtils - Retrieved @ProfileValueSourceConfiguration [null] for test class [hello.CustomerRepositoryTests]
22:10:44.994 [Test worker] DEBUG org.springframework.test.annotation.ProfileValueUtils - Retrieved ProfileValueSource type [class org.springframework.test.annotation.SystemProfileValueSource] for class [hello.CustomerRepositoryTests]
22:10:44.998 [Test worker] DEBUG org.springframework.test.context.support.AbstractDirtiesContextTestExecutionListener - Before test class: context [DefaultTestContext@3642cb3d testClass = CustomerRepositoryTests, testInstance = [null], testMethod = [null], testException = [null], mergedContextConfiguration = [MergedContextConfiguration@1f932d23 testClass = CustomerRepositoryTests, locations = '{}', classes = '{class hello.Application}', contextInitializerClasses = '[]', activeProfiles = '{}', propertySourceLocations = '{}', propertySourceProperties = '{org.springframework.boot.test.context.SpringBootTestContextBootstrapper=true}', contextCustomizers = set[org.springframework.boot.test.autoconfigure.OverrideAutoConfigurationContextCustomizerFactory$DisableAutoConfigurationContextCustomizer@217cff94, org.springframework.boot.test.autoconfigure.filter.TypeExcludeFiltersContextCustomizer@351584c0, org.springframework.boot.test.autoconfigure.properties.PropertyMappingContextCustomizer@6f9268d2, org.springframework.boot.test.autoconfigure.web.servlet.WebDriverContextCustomizerFactory$Customizer@323e26a2, [ImportsContextCustomizer@1a2d6d89 key = [org.springframework.boot.autoconfigure.cache.CacheAutoConfiguration, org.springframework.boot.autoconfigure.data.jpa.JpaRepositoriesAutoConfiguration, org.springframework.boot.autoconfigure.flyway.FlywayAutoConfiguration, org.springframework.boot.autoconfigure.jdbc.DataSourceAutoConfiguration, org.springframework.boot.autoconfigure.jdbc.DataSourceTransactionManagerAutoConfiguration, org.springframework.boot.autoconfigure.jdbc.JdbcTemplateAutoConfiguration, org.springframework.boot.autoconfigure.liquibase.LiquibaseAutoConfiguration, org.springframework.boot.autoconfigure.orm.jpa.HibernateJpaAutoConfiguration, org.springframework.boot.autoconfigure.transaction.TransactionAutoConfiguration, org.springframework.boot.test.autoconfigure.jdbc.TestDatabaseAutoConfiguration, org.springframework.boot.test.autoconfigure.orm.jpa.TestEntityManagerAutoConfiguration]], org.springframework.boot.test.context.filter.ExcludeFilterContextCustomizer@520cde96, org.springframework.boot.test.json.DuplicateJsonObjectContextCustomizerFactory$DuplicateJsonObjectContextCustomizer@76977e71, org.springframework.boot.test.mock.mockito.MockitoContextCustomizer@0], contextLoader = 'org.springframework.boot.test.context.SpringBootContextLoader', parent = [null]], attributes = map[[empty]]], class annotated with @DirtiesContext [false] with mode [null].
22:10:44.999 [Test worker] DEBUG org.springframework.test.annotation.ProfileValueUtils - Retrieved @ProfileValueSourceConfiguration [null] for test class [hello.CustomerRepositoryTests]
22:10:44.999 [Test worker] DEBUG org.springframework.test.annotation.ProfileValueUtils - Retrieved ProfileValueSource type [class org.springframework.test.annotation.SystemProfileValueSource] for class [hello.CustomerRepositoryTests]
22:10:45.005 [Test worker] DEBUG org.springframework.test.context.support.DependencyInjectionTestExecutionListener - Performing dependency injection for test context [[DefaultTestContext@3642cb3d testClass = CustomerRepositoryTests, testInstance = hello.CustomerRepositoryTests@3152d3f, testMethod = [null], testException = [null], mergedContextConfiguration = [MergedContextConfiguration@1f932d23 testClass = CustomerRepositoryTests, locations = '{}', classes = '{class hello.Application}', contextInitializerClasses = '[]', activeProfiles = '{}', propertySourceLocations = '{}', propertySourceProperties = '{org.springframework.boot.test.context.SpringBootTestContextBootstrapper=true}', contextCustomizers = set[org.springframework.boot.test.autoconfigure.OverrideAutoConfigurationContextCustomizerFactory$DisableAutoConfigurationContextCustomizer@217cff94, org.springframework.boot.test.autoconfigure.filter.TypeExcludeFiltersContextCustomizer@351584c0, org.springframework.boot.test.autoconfigure.properties.PropertyMappingContextCustomizer@6f9268d2, org.springframework.boot.test.autoconfigure.web.servlet.WebDriverContextCustomizerFactory$Customizer@323e26a2, [ImportsContextCustomizer@1a2d6d89 key = [org.springframework.boot.autoconfigure.cache.CacheAutoConfiguration, org.springframework.boot.autoconfigure.data.jpa.JpaRepositoriesAutoConfiguration, org.springframework.boot.autoconfigure.flyway.FlywayAutoConfiguration, org.springframework.boot.autoconfigure.jdbc.DataSourceAutoConfiguration, org.springframework.boot.autoconfigure.jdbc.DataSourceTransactionManagerAutoConfiguration, org.springframework.boot.autoconfigure.jdbc.JdbcTemplateAutoConfiguration, org.springframework.boot.autoconfigure.liquibase.LiquibaseAutoConfiguration, org.springframework.boot.autoconfigure.orm.jpa.HibernateJpaAutoConfiguration, org.springframework.boot.autoconfigure.transaction.TransactionAutoConfiguration, org.springframework.boot.test.autoconfigure.jdbc.TestDatabaseAutoConfiguration, org.springframework.boot.test.autoconfigure.orm.jpa.TestEntityManagerAutoConfiguration]], org.springframework.boot.test.context.filter.ExcludeFilterContextCustomizer@520cde96, org.springframework.boot.test.json.DuplicateJsonObjectContextCustomizerFactory$DuplicateJsonObjectContextCustomizer@76977e71, org.springframework.boot.test.mock.mockito.MockitoContextCustomizer@0], contextLoader = 'org.springframework.boot.test.context.SpringBootContextLoader', parent = [null]], attributes = map[[empty]]]].
22:10:45.031 [Test worker] DEBUG org.springframework.core.env.StandardEnvironment - Adding PropertySource 'systemProperties' with lowest search precedence
22:10:45.031 [Test worker] DEBUG org.springframework.core.env.StandardEnvironment - Adding PropertySource 'systemEnvironment' with lowest search precedence
22:10:45.031 [Test worker] DEBUG org.springframework.core.env.StandardEnvironment - Initialized StandardEnvironment with PropertySources [MapPropertySource@208523791 {name='systemProperties', properties={java.runtime.name=Java(TM) SE Runtime Environment, sun.boot.library.path=/Library/Java/JavaVirtualMachines/jdk1.8.0_60.jdk/Contents/Home/jre/lib, java.vm.version=25.60-b23, gopherProxySet=false, java.vm.vendor=Oracle Corporation, java.vendor.url=http://java.oracle.com/, path.separator=:, java.vm.name=Java HotSpot(TM) 64-Bit Server VM, file.encoding.pkg=sun.io, sun.java.launcher=SUN_STANDARD, user.country=US, sun.os.patch.level=unknown, java.vm.specification.name=Java Virtual Machine Specification, user.dir=/Users/Potplus/Dropbox/damianX/complete, java.runtime.version=1.8.0_60-b27, java.awt.graphicsenv=sun.awt.CGraphicsEnvironment, java.endorsed.dirs=/Library/Java/JavaVirtualMachines/jdk1.8.0_60.jdk/Contents/Home/jre/lib/endorsed, os.arch=x86_64, java.io.tmpdir=/var/folders/x1/7s1qg6c5035gg79vf5f_cgl80000gn/T/, line.separator=
, java.vm.specification.vendor=Oracle Corporation, user.variant=, os.name=Mac OS X, sun.jnu.encoding=UTF-8, java.library.path=/Users/Potplus/Library/Java/Extensions:/Library/Java/Extensions:/Network/Library/Java/Extensions:/System/Library/Java/Extensions:/usr/lib/java:., java.specification.name=Java Platform API Specification, java.class.version=52.0, org.gradle.native=false, sun.management.compiler=HotSpot 64-Bit Tiered Compilers, os.version=10.13, http.nonProxyHosts=127.0.0.1, user.home=/Users/Potplus, user.timezone=America/Los_Angeles, java.awt.printerjob=sun.lwawt.macosx.CPrinterJob, file.encoding=UTF-8, java.specification.version=1.8, java.class.path=/Users/Potplus/Dropbox/damianX/complete/build/classes/java/test:/Users/Potplus/Dropbox/damianX/complete/build/resources/test:/Users/Potplus/Dropbox/damianX/complete/build/classes/java/main:/Users/Potplus/Dropbox/damianX/complete/build/resources/main:/Users/Potplus/.gradle/caches/modules-2/files-2.1/org.springframework.boot/spring-boot-starter-web/2.0.0.RELEASE/fcb2a9e18f98382e626935841f85ed44d7153615/spring-boot-starter-web-2.0.0.RELEASE.jar:/Users/Potplus/.gradle/caches/modules-2/files-2.1/org.springframework.boot/spring-boot-starter-data-jpa/2.0.0.RELEASE/cc7bc2df046149870255d22367f8f7276eb82e98/spring-boot-starter-data-jpa-2.0.0.RELEASE.jar:/Users/Potplus/.gradle/caches/modules-2/files-2.1/com.h2database/h2/1.4.196/dd0034398d593aa3588c6773faac429bbd9aea0e/h2-1.4.196.jar:/Users/Potplus/.gradle/caches/modules-2/files-2.1/mysql/mysql-connector-java/5.1.45/ee64ec436a87c35362176ea300d69c912d1cbeac/mysql-connector-java-5.1.45.jar:/Users/Potplus/.gradle/caches/modules-2/files-2.1/org.springframework.boot/spring-boot-starter-test/2.0.0.RELEASE/4ff0e1d9bd315a4a5867e9c6128691cac8b37348/spring-boot-starter-test-2.0.0.RELEASE.jar:/Users/Potplus/.gradle/caches/modules-2/files-2.1/org.springframework.boot/spring-boot-starter-json/2.0.0.RELEASE/5a09c939d8bd60d7f163c1c0c20a3127ba9fffa/spring-boot-starter-json-2.0.0.RELEASE.jar:/Users/Potplus/.gradle/caches/modules-2/files-2.1/org.springframework.boot/spring-boot-starter-aop/2.0.0.RELEASE/9afd572ca8de272e6d919d914db5c73cd7d06ea2/spring-boot-starter-aop-2.0.0.RELEASE.jar:/Users/Potplus/.gradle/caches/modules-2/files-2.1/org.springframework.boot/spring-boot-starter-jdbc/2.0.0.RELEASE/bfe586f729ed86a421a79ac1b18d4e05acd25d68/spring-boot-starter-jdbc-2.0.0.RELEASE.jar:/Users/Potplus/.gradle/caches/modules-2/files-2.1/org.springframework.boot/spring-boot-starter/2.0.0.RELEASE/6d7d8e4bf053cd1833f3c7dbce676bc274f0892f/spring-boot-starter-2.0.0.RELEASE.jar:/Users/Potplus/.gradle/caches/modules-2/files-2.1/org.springframework.boot/spring-boot-starter-tomcat/2.0.0.RELEASE/908bc9de1a7cfa857edf44182d426f6e0d8a3008/spring-boot-starter-tomcat-2.0.0.RELEASE.jar:/Users/Potplus/.gradle/caches/modules-2/files-2.1/org.hibernate.validator/hibernate-validator/6.0.7.Final/8b9d9c7ec8c73963ea0fe81912fc67711a4ef76/hibernate-validator-6.0.7.Final.jar:/Users/Potplus/.gradle/caches/modules-2/files-2.1/org.springframework/spring-webmvc/5.0.4.RELEASE/addcf1caa22613c474bd6dde8c7134fef940b1f0/spring-webmvc-5.0.4.RELEASE.jar:/Users/Potplus/.gradle/caches/modules-2/files-2.1/org.springframework/spring-web/5.0.4.RELEASE/9565bbc67bf1a850a6505deaa5103931712a7b80/spring-web-5.0.4.RELEASE.jar:/Users/Potplus/.gradle/caches/modules-2/files-2.1/org.hibernate/hibernate-core/5.2.14.Final/2132ad4a9fa5088156469ec85306afe574bb8c24/hibernate-core-5.2.14.Final.jar:/Users/Potplus/.gradle/caches/modules-2/files-2.1/javax.transaction/javax.transaction-api/1.2/d81aff979d603edd90dcd8db2abc1f4ce6479e3e/javax.transaction-api-1.2.jar:/Users/Potplus/.gradle/caches/modules-2/files-2.1/org.springframework.data/spring-data-jpa/2.0.5.RELEASE/51b2e315174e32b4c8a4841a147002555add076c/spring-data-jpa-2.0.5.RELEASE.jar:/Users/Potplus/.gradle/caches/modules-2/files-2.1/org.springframework/spring-aspects/5.0.4.RELEASE/454ee13fc4f439065572dd526e81c699d1d61e3e/spring-aspects-5.0.4.RELEASE.jar:/Users/Potplus/.gradle/caches/modules-2/files-2.1/org.springframework.boot/spring-boot-test-autoconfigure/2.0.0.RELEASE/db0595321e96929d9473cf061f3408972d03c6aa/spring-boot-test-autoconfigure-2.0.0.RELEASE.jar:/Users/Potplus/.gradle/caches/modules-2/files-2.1/org.springframework.boot/spring-boot-test/2.0.0.RELEASE/1565e78c2801bd3c7ece0a8ddc08e5ed53676878/spring-boot-test-2.0.0.RELEASE.jar:/Users/Potplus/.gradle/caches/modules-2/files-2.1/com.jayway.jsonpath/json-path/2.4.0/765a4401ceb2dc8d40553c2075eb80a8fa35c2ae/json-path-2.4.0.jar:/Users/Potplus/.gradle/caches/modules-2/files-2.1/junit/junit/4.12/2973d150c0dc1fefe998f834810d68f278ea58ec/junit-4.12.jar:/Users/Potplus/.gradle/caches/modules-2/files-2.1/org.assertj/assertj-core/3.9.1/c5ce126b15f28d56cd8f960c1a6a058b9c9aea87/assertj-core-3.9.1.jar:/Users/Potplus/.gradle/caches/modules-2/files-2.1/org.mockito/mockito-core/2.15.0/b84bfbbc29cd22c9529409627af6ea2897f4fa85/mockito-core-2.15.0.jar:/Users/Potplus/.gradle/caches/modules-2/files-2.1/org.hamcrest/hamcrest-library/1.3/4785a3c21320980282f9f33d0d1264a69040538f/hamcrest-library-1.3.jar:/Users/Potplus/.gradle/caches/modules-2/files-2.1/org.hamcrest/hamcrest-core/1.3/42a25dc3219429f0e5d060061f71acb49bf010a0/hamcrest-core-1.3.jar:/Users/Potplus/.gradle/caches/modules-2/files-2.1/org.skyscreamer/jsonassert/1.5.0/6c9d5fe2f59da598d9aefc1cfc6528ff3cf32df3/jsonassert-1.5.0.jar:/Users/Potplus/.gradle/caches/modules-2/files-2.1/org.springframework/spring-test/5.0.4.RELEASE/3fc10b6535a113593fa8780951465012a7677e21/spring-test-5.0.4.RELEASE.jar:/Users/Potplus/.gradle/caches/modules-2/files-2.1/org.springframework.boot/spring-boot-autoconfigure/2.0.0.RELEASE/c89896a469ecf92996ecba40755919896ace5470/spring-boot-autoconfigure-2.0.0.RELEASE.jar:/Users/Potplus/.gradle/caches/modules-2/files-2.1/org.springframework.boot/spring-boot/2.0.0.RELEASE/771da2071ff14a47f108642a641c204ae4ef7b15/spring-boot-2.0.0.RELEASE.jar:/Users/Potplus/.gradle/caches/modules-2/files-2.1/org.springframework/spring-context/5.0.4.RELEASE/3e76d08c851113077642c5704f0f94d5ce58e905/spring-context-5.0.4.RELEASE.jar:/Users/Potplus/.gradle/caches/modules-2/files-2.1/org.springframework/spring-expression/5.0.4.RELEASE/4bda161f2e34c1486f2527a23eb47293567f473c/spring-expression-5.0.4.RELEASE.jar:/Users/Potplus/.gradle/caches/modules-2/files-2.1/org.springframework/spring-orm/5.0.4.RELEASE/dc83e08ecdb4ab28339f87358b53d75b4a8d1b9/spring-orm-5.0.4.RELEASE.jar:/Users/Potplus/.gradle/caches/modules-2/files-2.1/org.springframework/spring-jdbc/5.0.4.RELEASE/6b5ac0db11d81d6319ebd0bb253b2f01713df3ab/spring-jdbc-5.0.4.RELEASE.jar:/Users/Potplus/.gradle/caches/modules-2/files-2.1/org.springframework.data/spring-data-commons/2.0.5.RELEASE/f5357c650f63f3a187d3d4086a9e9132f33851a6/spring-data-commons-2.0.5.RELEASE.jar:/Users/Potplus/.gradle/caches/modules-2/files-2.1/org.springframework/spring-tx/5.0.4.RELEASE/7afc193c5d2b812ee6d2ccaf6fcc81fb83bfb4a7/spring-tx-5.0.4.RELEASE.jar:/Users/Potplus/.gradle/caches/modules-2/files-2.1/org.springframework/spring-aop/5.0.4.RELEASE/f8e029e54c0267dadb6b9f713f3feb54ec4f3a0e/spring-aop-5.0.4.RELEASE.jar:/Users/Potplus/.gradle/caches/modules-2/files-2.1/org.springframework/spring-beans/5.0.4.RELEASE/7a8c3d48d4c33621e64d1399721d8e067450fcbd/spring-beans-5.0.4.RELEASE.jar:/Users/Potplus/.gradle/caches/modules-2/files-2.1/org.springframework/spring-core/5.0.4.RELEASE/2221a957b5561a34f044350ba4e30ef5870254a3/spring-core-5.0.4.RELEASE.jar:/Users/Potplus/.gradle/caches/modules-2/files-2.1/org.xmlunit/xmlunit-core/2.5.1/4ffdb346572a7356f7521cd3119ce5287d2e339d/xmlunit-core-2.5.1.jar:/Users/Potplus/.gradle/caches/modules-2/files-2.1/org.springframework.boot/spring-boot-starter-logging/2.0.0.RELEASE/fe939b71659ef1f98a53cce0b5bcf771685cf6a6/spring-boot-starter-logging-2.0.0.RELEASE.jar:/Users/Potplus/.gradle/caches/modules-2/files-2.1/javax.annotation/javax.annotation-api/1.3.2/934c04d3cfef185a8008e7bf34331b79730a9d43/javax.annotation-api-1.3.2.jar:/Users/Potplus/.gradle/caches/modules-2/files-2.1/org.yaml/snakeyaml/1.19/2d998d3d674b172a588e54ab619854d073f555b5/snakeyaml-1.19.jar:/Users/Potplus/.gradle/caches/modules-2/files-2.1/com.fasterxml.jackson.datatype/jackson-datatype-jdk8/2.9.4/63ac052d52a70a15820d3dc07ea757826fd51d40/jackson-datatype-jdk8-2.9.4.jar:/Users/Potplus/.gradle/caches/modules-2/files-2.1/com.fasterxml.jackson.datatype/jackson-datatype-jsr310/2.9.4/12d52679a6615c7972ea25bd8ebb60b191fe79b7/jackson-datatype-jsr310-2.9.4.jar:/Users/Potplus/.gradle/caches/modules-2/files-2.1/com.fasterxml.jackson.module/jackson-module-parameter-names/2.9.4/5833c819877c3e85bad847f4d2fa4e70379217c6/jackson-module-parameter-names-2.9.4.jar:/Users/Potplus/.gradle/caches/modules-2/files-2.1/com.fasterxml.jackson.core/jackson-databind/2.9.4/498bbc3b94f566982c7f7c6d4d303fce365529be/jackson-databind-2.9.4.jar:/Users/Potplus/.gradle/caches/modules-2/files-2.1/org.apache.tomcat.embed/tomcat-embed-websocket/8.5.28/8a5a48740dd80cad644ceb541e77fd8e0809e3b7/tomcat-embed-websocket-8.5.28.jar:/Users/Potplus/.gradle/caches/modules-2/files-2.1/org.apache.tomcat.embed/tomcat-embed-core/8.5.28/b684c98cf77c6528079c4e59fc1feeb218bf82f1/tomcat-embed-core-8.5.28.jar:/Users/Potplus/.gradle/caches/modules-2/files-2.1/org.apache.tomcat.embed/tomcat-embed-el/8.5.28/75745598f60646ccf0c4b105468a9c8be9b8432e/tomcat-embed-el-8.5.28.jar:/Users/Potplus/.gradle/caches/modules-2/files-2.1/javax.validation/validation-api/2.0.1.Final/cb855558e6271b1b32e716d24cb85c7f583ce09e/validation-api-2.0.1.Final.jar:/Users/Potplus/.gradle/caches/modules-2/files-2.1/org.hibernate.common/hibernate-commons-annotations/5.0.1.Final/71e1cff3fcb20d3b3af4f3363c3ddb24d33c6879/hibernate-commons-annotations-5.0.1.Final.jar:/Users/Potplus/.gradle/caches/modules-2/files-2.1/org.jboss.logging/jboss-logging/3.3.2.Final/3789d00e859632e6c6206adc0c71625559e6e3b0/jboss-logging-3.3.2.Final.jar:/Users/Potplus/.gradle/caches/modules-2/files-2.1/com.fasterxml/classmate/1.3.4/3d5f48f10bbe4eb7bd862f10c0583be2e0053c6/classmate-1.3.4.jar:/Users/Potplus/.gradle/caches/modules-2/files-2.1/org.aspectj/aspectjweaver/1.8.13/ad94df2a28d658a40dc27bbaff6a1ce5fbf04e9b/aspectjweaver-1.8.13.jar:/Users/Potplus/.gradle/caches/modules-2/files-2.1/com.zaxxer/HikariCP/2.7.8/4a3a604fa2efa89621aa498d04e000b2bed90c39/HikariCP-2.7.8.jar:/Users/Potplus/.gradle/caches/modules-2/files-2.1/org.hibernate.javax.persistence/hibernate-jpa-2.1-api/1.0.0.Final/5e731d961297e5a07290bfaf3db1fbc8bbbf405a/hibernate-jpa-2.1-api-1.0.0.Final.jar:/Users/Potplus/.gradle/caches/modules-2/files-2.1/org.javassist/javassist/3.22.0-GA/3e83394258ae2089be7219b971ec21a8288528ad/javassist-3.22.0-GA.jar:/Users/Potplus/.gradle/caches/modules-2/files-2.1/antlr/antlr/2.7.7/83cd2cd674a217ade95a4bb83a8a14f351f48bd0/antlr-2.7.7.jar:/Users/Potplus/.gradle/caches/modules-2/files-2.1/org.jboss/jandex/2.0.3.Final/bfc4d6257dbff7a33a357f0de116be6ff951d849/jandex-2.0.3.Final.jar:/Users/Potplus/.gradle/caches/modules-2/files-2.1/dom4j/dom4j/1.6.1/5d3ccc056b6f056dbf0dddfdf43894b9065a8f94/dom4j-1.6.1.jar:/Users/Potplus/.gradle/caches/modules-2/files-2.1/ch.qos.logback/logback-classic/1.2.3/7c4f3c474fb2c041d8028740440937705ebb473a/logback-classic-1.2.3.jar:/Users/Potplus/.gradle/caches/modules-2/files-2.1/org.apache.logging.log4j/log4j-to-slf4j/2.10.0/f7e631ccf49cfc0aefa4a2a728da7d374c05bd3c/log4j-to-slf4j-2.10.0.jar:/Users/Potplus/.gradle/caches/modules-2/files-2.1/org.slf4j/jul-to-slf4j/1.7.25/af5364cd6679bfffb114f0dec8a157aaa283b76/jul-to-slf4j-1.7.25.jar:/Users/Potplus/.gradle/caches/modules-2/files-2.1/org.slf4j/slf4j-api/1.7.25/da76ca59f6a57ee3102f8f9bd9cee742973efa8a/slf4j-api-1.7.25.jar:/Users/Potplus/.gradle/caches/modules-2/files-2.1/net.minidev/json-smart/2.3/7396407491352ce4fa30de92efb158adb76b5b/json-smart-2.3.jar:/Users/Potplus/.gradle/caches/modules-2/files-2.1/net.bytebuddy/byte-buddy/1.7.10/3c8ec287c0a5bd04b1e3f11723bc46a50346602b/byte-buddy-1.7.10.jar:/Users/Potplus/.gradle/caches/modules-2/files-2.1/net.bytebuddy/byte-buddy-agent/1.7.10/9b092a8fb9112b89f6cb23fc929cfb931b14007b/byte-buddy-agent-1.7.10.jar:/Users/Potplus/.gradle/caches/modules-2/files-2.1/org.objenesis/objenesis/2.6/639033469776fd37c08358c6b92a4761feb2af4b/objenesis-2.6.jar:/Users/Potplus/.gradle/caches/modules-2/files-2.1/com.vaadin.external.google/android-json/0.0.20131108.vaadin1/fa26d351fe62a6a17f5cda1287c1c6110dec413f/android-json-0.0.20131108.vaadin1.jar:/Users/Potplus/.gradle/caches/modules-2/files-2.1/org.springframework/spring-jcl/5.0.4.RELEASE/3053e2bad0a18571bdbb9596ce51f9d458f5934f/spring-jcl-5.0.4.RELEASE.jar:/Users/Potplus/.gradle/caches/modules-2/files-2.1/com.fasterxml.jackson.core/jackson-annotations/2.9.0/7c10d545325e3a6e72e06381afe469fd40eb701/jackson-annotations-2.9.0.jar:/Users/Potplus/.gradle/caches/modules-2/files-2.1/com.fasterxml.jackson.core/jackson-core/2.9.4/a9a71ec1aa37da47db168fede9a4a5fb5e374320/jackson-core-2.9.4.jar:/Users/Potplus/.gradle/caches/modules-2/files-2.1/net.minidev/accessors-smart/1.2/c592b500269bfde36096641b01238a8350f8aa31/accessors-smart-1.2.jar:/Users/Potplus/.gradle/caches/modules-2/files-2.1/ch.qos.logback/logback-core/1.2.3/864344400c3d4d92dfeb0a305dc87d953677c03c/logback-core-1.2.3.jar:/Users/Potplus/.gradle/caches/modules-2/files-2.1/org.apache.logging.log4j/log4j-api/2.10.0/fec5797a55b786184a537abd39c3fa1449d752d6/log4j-api-2.10.0.jar:/Users/Potplus/.gradle/caches/modules-2/files-2.1/org.ow2.asm/asm/5.0.4/da08b8cce7bbf903602a25a3a163ae252435795/asm-5.0.4.jar, user.name=Potplus, java.vm.specification.version=1.8, sun.java.command=worker.org.gradle.process.internal.worker.GradleWorkerMain 'Gradle Test Executor 1', java.home=/Library/Java/JavaVirtualMachines/jdk1.8.0_60.jdk/Contents/Home/jre, sun.arch.data.model=64, user.language=en, java.specification.vendor=Oracle Corporation, awt.toolkit=sun.lwawt.macosx.LWCToolkit, java.vm.info=mixed mode, java.version=1.8.0_60, java.ext.dirs=/Users/Potplus/Library/Java/Extensions:/Library/Java/JavaVirtualMachines/jdk1.8.0_60.jdk/Contents/Home/jre/lib/ext:/Library/Java/Extensions:/Network/Library/Java/Extensions:/System/Library/Java/Extensions:/usr/lib/java, sun.boot.class.path=/Library/Java/JavaVirtualMachines/jdk1.8.0_60.jdk/Contents/Home/jre/lib/resources.jar:/Library/Java/JavaVirtualMachines/jdk1.8.0_60.jdk/Contents/Home/jre/lib/rt.jar:/Library/Java/JavaVirtualMachines/jdk1.8.0_60.jdk/Contents/Home/jre/lib/sunrsasign.jar:/Library/Java/JavaVirtualMachines/jdk1.8.0_60.jdk/Contents/Home/jre/lib/jsse.jar:/Library/Java/JavaVirtualMachines/jdk1.8.0_60.jdk/Contents/Home/jre/lib/jce.jar:/Library/Java/JavaVirtualMachines/jdk1.8.0_60.jdk/Contents/Home/jre/lib/charsets.jar:/Library/Java/JavaVirtualMachines/jdk1.8.0_60.jdk/Contents/Home/jre/lib/jfr.jar:/Library/Java/JavaVirtualMachines/jdk1.8.0_60.jdk/Contents/Home/jre/classes, java.vendor=Oracle Corporation, org.gradle.test.worker=1, file.separator=/, java.vendor.url.bug=http://bugreport.sun.com/bugreport/, sun.io.unicode.encoding=UnicodeBig, sun.cpu.endian=little, socksNonProxyHosts=127.0.0.1, ftp.nonProxyHosts=127.0.0.1, sun.cpu.isalist=}}, SystemEnvironmentPropertySource@1498242009 {name='systemEnvironment', properties={PATH=/Library/Frameworks/Python.framework/Versions/2.7/bin:/usr/local/bin:/usr/bin:/bin:/usr/sbin:/sbin:/Library/TeX/texbin:/opt/X11/bin:/Library/Frameworks/Mono.framework/Versions/Current/Commands:/Applications/Wireshark.app/Contents/MacOS:/usr/local/git/bin, JAVA_ARCH=x86_64, TERM=xterm-256color, JAVA_MAIN_CLASS_3081=worker.org.gradle.process.internal.worker.GradleWorkerMain, LANG=en_US.UTF-8, DISPLAY=/private/tmp/com.apple.launchd.nxXLI7n8rI/org.macosforge.xquartz:0, ITERM_SESSION_ID=w0t0p1:D8FBEA59-E603-4C33-BDF1-3950B2755901, LOGNAME=Potplus, TERM_PROGRAM_VERSION=3.0.9, PWD=/Users/Potplus/Dropbox/damianX/complete, XPC_SERVICE_NAME=0, JAVA_MAIN_CLASS_3074=org.gradle.wrapper.GradleWrapperMain, SHELL=/bin/bash, TERM_PROGRAM=iTerm.app, APP_NAME_3074=Gradle, OLDPWD=/Users/Potplus/Dropbox/damianX/complete, USER=Potplus, APP_ICON_3074=/Users/Potplus/Dropbox/damianX/complete/media/gradle.icns, ITERM_PROFILE=Default, TMPDIR=/var/folders/x1/7s1qg6c5035gg79vf5f_cgl80000gn/T/, SSH_AUTH_SOCK=/private/tmp/com.apple.launchd.MZKvSAxySV/Listeners, XPC_FLAGS=0x0, TERM_SESSION_ID=w0t0p1:D8FBEA59-E603-4C33-BDF1-3950B2755901, __CF_USER_TEXT_ENCODING=0x1F5:0x0:0x0, Apple_PubSub_Socket_Render=/private/tmp/com.apple.launchd.BN5qtV8M7g/Render, com.apple.java.jvmTask=CommandLine, COLORFGBG=0;15, SHLVL=1, HOME=/Users/Potplus}}]
22:10:45.142 [Test worker] DEBUG org.springframework.test.context.support.TestPropertySourceUtils - Adding inlined properties to environment: {spring.jmx.enabled=false, org.springframework.boot.test.context.SpringBootTestContextBootstrapper=true, server.port=-1}
22:10:45.142 [Test worker] DEBUG org.springframework.core.env.StandardEnvironment - Adding PropertySource 'Inlined Test Properties' with highest search precedence

  .   ____          _            __ _ _
 /\\ / ___'_ __ _ _(_)_ __  __ _ \ \ \ \
( ( )\___ | '_ | '_| | '_ \/ _` | \ \ \ \
 \\/  ___)| |_)| | | | | || (_| |  ) ) ) )
  '  |____| .__|_| |_|_| |_\__, | / / / /
 =========|_|==============|___/=/_/_/_/
 :: Spring Boot ::        (v2.0.0.RELEASE)

2018-03-28 22:10:45.603  INFO 3081 --- [    Test worker] hello.CustomerRepositoryTests            : Starting CustomerRepositoryTests on macbook1.local with PID 3081 (started by Potplus in /Users/Potplus/Dropbox/damianX/complete)
2018-03-28 22:10:45.606  INFO 3081 --- [    Test worker] hello.CustomerRepositoryTests            : No active profile set, falling back to default profiles: default
2018-03-28 22:10:45.626  INFO 3081 --- [    Test worker] s.c.a.AnnotationConfigApplicationContext : Refreshing org.springframework.context.annotation.AnnotationConfigApplicationContext@549b5fc2: startup date [Wed Mar 28 22:10:45 PDT 2018]; root of context hierarchy
2018-03-28 22:10:46.018  INFO 3081 --- [    Test worker] beddedDataSourceBeanFactoryPostProcessor : Replacing 'dataSource' DataSource bean with embedded version
2018-03-28 22:10:46.019  INFO 3081 --- [    Test worker] o.s.b.f.s.DefaultListableBeanFactory     : Overriding bean definition for bean 'dataSource' with a different definition: replacing [Root bean: class [null]; scope=; abstract=false; lazyInit=false; autowireMode=3; dependencyCheck=0; autowireCandidate=true; primary=false; factoryBeanName=org.springframework.boot.autoconfigure.jdbc.DataSourceConfiguration$Hikari; factoryMethodName=dataSource; initMethodName=null; destroyMethodName=(inferred); defined in class path resource [org/springframework/boot/autoconfigure/jdbc/DataSourceConfiguration$Hikari.class]] with [Root bean: class [org.springframework.boot.test.autoconfigure.jdbc.TestDatabaseAutoConfiguration$EmbeddedDataSourceFactoryBean]; scope=; abstract=false; lazyInit=false; autowireMode=0; dependencyCheck=0; autowireCandidate=true; primary=false; factoryBeanName=null; factoryMethodName=null; initMethodName=null; destroyMethodName=null]
2018-03-28 22:10:46.236  INFO 3081 --- [    Test worker] o.s.j.d.e.EmbeddedDatabaseFactory        : Starting embedded database: url='jdbc:h2:mem:bb0ce618-8e41-40f0-b845-44c8660f9067;DB_CLOSE_DELAY=-1;DB_CLOSE_ON_EXIT=false', username='sa'
2018-03-28 22:10:46.580  INFO 3081 --- [    Test worker] j.LocalContainerEntityManagerFactoryBean : Building JPA container EntityManagerFactory for persistence unit 'default'
2018-03-28 22:10:46.598  INFO 3081 --- [    Test worker] o.hibernate.jpa.internal.util.LogHelper  : HHH000204: Processing PersistenceUnitInfo [
	name: default
	...]
2018-03-28 22:10:46.675  INFO 3081 --- [    Test worker] org.hibernate.Version                    : HHH000412: Hibernate Core {5.2.14.Final}
2018-03-28 22:10:46.676  INFO 3081 --- [    Test worker] org.hibernate.cfg.Environment            : HHH000206: hibernate.properties not found
2018-03-28 22:10:46.766  INFO 3081 --- [    Test worker] o.hibernate.annotations.common.Version   : HCANN000001: Hibernate Commons Annotations {5.0.1.Final}
2018-03-28 22:10:46.865  INFO 3081 --- [    Test worker] org.hibernate.dialect.Dialect            : HHH000400: Using dialect: org.hibernate.dialect.H2Dialect
Hibernate: create table customer (id bigint not null, first_name varchar(255), last_name varchar(255), primary key (id))
Hibernate: create table user (id integer not null, email varchar(255), first_name varchar(255), height varchar(255), last_name varchar(255), password varchar(255), position varchar(255), token varchar(255), weight varchar(255), primary key (id))
Hibernate: create sequence hibernate_sequence start with 1 increment by 1
2018-03-28 22:10:47.341  INFO 3081 --- [    Test worker] j.LocalContainerEntityManagerFactoryBean : Initialized JPA EntityManagerFactory for persistence unit 'default'
2018-03-28 22:10:47.858  INFO 3081 --- [    Test worker] hello.CustomerRepositoryTests            : Started CustomerRepositoryTests in 2.713 seconds (JVM running for 3.717)
Hibernate: call next value for hibernate_sequence
Hibernate: insert into customer (first_name, last_name, id) values (?, ?, ?)
Hibernate: call next value for hibernate_sequence
Hibernate: insert into customer (first_name, last_name, id) values (?, ?, ?)
Hibernate: call next value for hibernate_sequence
Hibernate: insert into customer (first_name, last_name, id) values (?, ?, ?)
Hibernate: call next value for hibernate_sequence
Hibernate: insert into customer (first_name, last_name, id) values (?, ?, ?)
Hibernate: call next value for hibernate_sequence
Hibernate: insert into customer (first_name, last_name, id) values (?, ?, ?)
2018-03-28 22:10:47.924  INFO 3081 --- [    Test worker] hello.Application                        : Customers found with findAll():
2018-03-28 22:10:47.924  INFO 3081 --- [    Test worker] hello.Application                        : -------------------------------
2018-03-28 22:10:47.946  INFO 3081 --- [    Test worker] o.h.h.i.QueryTranslatorFactoryInitiator  : HHH000397: Using ASTQueryTranslatorFactory
Hibernate: select customer0_.id as id1_0_, customer0_.first_name as first_na2_0_, customer0_.last_name as last_nam3_0_ from customer customer0_
2018-03-28 22:10:48.053  INFO 3081 --- [    Test worker] hello.Application                        : Customer[id=1, firstName='Jack', lastName='Bauer']
2018-03-28 22:10:48.053  INFO 3081 --- [    Test worker] hello.Application                        : Customer[id=2, firstName='Chloe', lastName='O'Brian']
2018-03-28 22:10:48.053  INFO 3081 --- [    Test worker] hello.Application                        : Customer[id=3, firstName='Kim', lastName='Bauer']
2018-03-28 22:10:48.053  INFO 3081 --- [    Test worker] hello.Application                        : Customer[id=4, firstName='David', lastName='Palmer']
2018-03-28 22:10:48.054  INFO 3081 --- [    Test worker] hello.Application                        : Customer[id=5, firstName='Michelle', lastName='Dessler']
2018-03-28 22:10:48.054  INFO 3081 --- [    Test worker] hello.Application                        : 
Hibernate: select customer0_.id as id1_0_0_, customer0_.first_name as first_na2_0_0_, customer0_.last_name as last_nam3_0_0_ from customer customer0_ where customer0_.id=?
2018-03-28 22:10:48.062  INFO 3081 --- [    Test worker] hello.Application                        : Customer found with findById(1L):
2018-03-28 22:10:48.063  INFO 3081 --- [    Test worker] hello.Application                        : --------------------------------
2018-03-28 22:10:48.063  INFO 3081 --- [    Test worker] hello.Application                        : Customer[id=1, firstName='Jack', lastName='Bauer']
2018-03-28 22:10:48.063  INFO 3081 --- [    Test worker] hello.Application                        : 
2018-03-28 22:10:48.063  INFO 3081 --- [    Test worker] hello.Application                        : Customer found with findByLastName('Bauer'):
2018-03-28 22:10:48.063  INFO 3081 --- [    Test worker] hello.Application                        : --------------------------------------------
Hibernate: select customer0_.id as id1_0_, customer0_.first_name as first_na2_0_, customer0_.last_name as last_nam3_0_ from customer customer0_ where customer0_.last_name=?
2018-03-28 22:10:48.110  INFO 3081 --- [    Test worker] hello.Application                        : Customer[id=1, firstName='Jack', lastName='Bauer']
2018-03-28 22:10:48.110  INFO 3081 --- [    Test worker] hello.Application                        : Customer[id=3, firstName='Kim', lastName='Bauer']
2018-03-28 22:10:48.110  INFO 3081 --- [    Test worker] hello.Application                        : 
2018-03-28 22:10:48.140  INFO 3081 --- [    Test worker] o.s.t.c.transaction.TransactionContext   : Began transaction (1) for test context [DefaultTestContext@3642cb3d testClass = CustomerRepositoryTests, testInstance = hello.CustomerRepositoryTests@3152d3f, testMethod = testFindByLastName@CustomerRepositoryTests, testException = [null], mergedContextConfiguration = [MergedContextConfiguration@1f932d23 testClass = CustomerRepositoryTests, locations = '{}', classes = '{class hello.Application}', contextInitializerClasses = '[]', activeProfiles = '{}', propertySourceLocations = '{}', propertySourceProperties = '{org.springframework.boot.test.context.SpringBootTestContextBootstrapper=true}', contextCustomizers = set[org.springframework.boot.test.autoconfigure.OverrideAutoConfigurationContextCustomizerFactory$DisableAutoConfigurationContextCustomizer@217cff94, org.springframework.boot.test.autoconfigure.filter.TypeExcludeFiltersContextCustomizer@351584c0, org.springframework.boot.test.autoconfigure.properties.PropertyMappingContextCustomizer@6f9268d2, org.springframework.boot.test.autoconfigure.web.servlet.WebDriverContextCustomizerFactory$Customizer@323e26a2, [ImportsContextCustomizer@1a2d6d89 key = [org.springframework.boot.autoconfigure.cache.CacheAutoConfiguration, org.springframework.boot.autoconfigure.data.jpa.JpaRepositoriesAutoConfiguration, org.springframework.boot.autoconfigure.flyway.FlywayAutoConfiguration, org.springframework.boot.autoconfigure.jdbc.DataSourceAutoConfiguration, org.springframework.boot.autoconfigure.jdbc.DataSourceTransactionManagerAutoConfiguration, org.springframework.boot.autoconfigure.jdbc.JdbcTemplateAutoConfiguration, org.springframework.boot.autoconfigure.liquibase.LiquibaseAutoConfiguration, org.springframework.boot.autoconfigure.orm.jpa.HibernateJpaAutoConfiguration, org.springframework.boot.autoconfigure.transaction.TransactionAutoConfiguration, org.springframework.boot.test.autoconfigure.jdbc.TestDatabaseAutoConfiguration, org.springframework.boot.test.autoconfigure.orm.jpa.TestEntityManagerAutoConfiguration]], org.springframework.boot.test.context.filter.ExcludeFilterContextCustomizer@520cde96, org.springframework.boot.test.json.DuplicateJsonObjectContextCustomizerFactory$DuplicateJsonObjectContextCustomizer@76977e71, org.springframework.boot.test.mock.mockito.MockitoContextCustomizer@0], contextLoader = 'org.springframework.boot.test.context.SpringBootContextLoader', parent = [null]], attributes = map[[empty]]]; transaction manager [org.springframework.orm.jpa.JpaTransactionManager@7646858b]; rollback [true]
Hibernate: call next value for hibernate_sequence
Hibernate: insert into customer (first_name, last_name, id) values (?, ?, ?)
Hibernate: select customer0_.id as id1_0_, customer0_.first_name as first_na2_0_, customer0_.last_name as last_nam3_0_ from customer customer0_ where customer0_.last_name=?
2018-03-28 22:10:48.266  INFO 3081 --- [    Test worker] o.s.t.c.transaction.TransactionContext   : Rolled back transaction for test context [DefaultTestContext@3642cb3d testClass = CustomerRepositoryTests, testInstance = hello.CustomerRepositoryTests@3152d3f, testMethod = testFindByLastName@CustomerRepositoryTests, testException = [null], mergedContextConfiguration = [MergedContextConfiguration@1f932d23 testClass = CustomerRepositoryTests, locations = '{}', classes = '{class hello.Application}', contextInitializerClasses = '[]', activeProfiles = '{}', propertySourceLocations = '{}', propertySourceProperties = '{org.springframework.boot.test.context.SpringBootTestContextBootstrapper=true}', contextCustomizers = set[org.springframework.boot.test.autoconfigure.OverrideAutoConfigurationContextCustomizerFactory$DisableAutoConfigurationContextCustomizer@217cff94, org.springframework.boot.test.autoconfigure.filter.TypeExcludeFiltersContextCustomizer@351584c0, org.springframework.boot.test.autoconfigure.properties.PropertyMappingContextCustomizer@6f9268d2, org.springframework.boot.test.autoconfigure.web.servlet.WebDriverContextCustomizerFactory$Customizer@323e26a2, [ImportsContextCustomizer@1a2d6d89 key = [org.springframework.boot.autoconfigure.cache.CacheAutoConfiguration, org.springframework.boot.autoconfigure.data.jpa.JpaRepositoriesAutoConfiguration, org.springframework.boot.autoconfigure.flyway.FlywayAutoConfiguration, org.springframework.boot.autoconfigure.jdbc.DataSourceAutoConfiguration, org.springframework.boot.autoconfigure.jdbc.DataSourceTransactionManagerAutoConfiguration, org.springframework.boot.autoconfigure.jdbc.JdbcTemplateAutoConfiguration, org.springframework.boot.autoconfigure.liquibase.LiquibaseAutoConfiguration, org.springframework.boot.autoconfigure.orm.jpa.HibernateJpaAutoConfiguration, org.springframework.boot.autoconfigure.transaction.TransactionAutoConfiguration, org.springframework.boot.test.autoconfigure.jdbc.TestDatabaseAutoConfiguration, org.springframework.boot.test.autoconfigure.orm.jpa.TestEntityManagerAutoConfiguration]], org.springframework.boot.test.context.filter.ExcludeFilterContextCustomizer@520cde96, org.springframework.boot.test.json.DuplicateJsonObjectContextCustomizerFactory$DuplicateJsonObjectContextCustomizer@76977e71, org.springframework.boot.test.mock.mockito.MockitoContextCustomizer@0], contextLoader = 'org.springframework.boot.test.context.SpringBootContextLoader', parent = [null]], attributes = map[[empty]]].
]]></system-out>
  <system-err><![CDATA[]]></system-err>
</testsuite>
